<?xml version="1.0"?>
<testsuites>
  <testsuite name="Chrome 29.0 (Linux)" package="undefined" timestamp="2013-06-14T12:26:18" id="0" hostname="patate" tests="5" errors="0" failures="0" time="4.814">
    <properties>
      <property name="browser.fullName" value="Mozilla/5.0 (X11; Linux x86_64) AppleWebKit/537.36 (KHTML, like Gecko) Chrome/29.0.1530.2 Safari/537.36"/>
    </properties>
    <testcase name="should redirect everything to /" time="0.794" classname="Chrome 29.0 (Linux).bzh_geektic"/>
    <testcase name="should have 12 geeks" time="0.192" classname="Chrome 29.0 (Linux).bzh_geektic"/>
    <testcase name="should load 6 geeks more" time="1.222" classname="Chrome 29.0 (Linux).bzh_geektic"/>
    <testcase name="should filter to 4 geeks when entering java as search input" time="1.213" classname="Chrome 29.0 (Linux).bzh_geektic"/>
    <testcase name="should display the details when clicking on a geek" time="1.393" classname="Chrome 29.0 (Linux).bzh_geektic"/>
    <system-out><![CDATA[
]]></system-out>
    <system-err/>
  </testsuite>
</testsuites>
